2025-04-16 08:34:16,928 - INFO - Login successful for user: 1
2025-04-16 08:34:16,969 - INFO - User: 1 is authenticated as: user
2025-04-16 08:34:27,694 - INFO - Login successful for user: 1
2025-04-16 08:34:27,734 - INFO - User: 1 is authenticated as: user
2025-04-16 08:34:32,816 - INFO - Login successful for user: 3
2025-04-16 08:34:32,854 - INFO - User: 3 is authenticated as: staff
2025-04-16 08:34:38,218 - INFO - Login successful for user: 4
2025-04-16 08:34:38,254 - INFO - User: 4 is authenticated as: admin
2025-04-16 09:24:28,106 - INFO - Login successful for user: 4
2025-04-16 09:24:28,106 - INFO - Login successful for user: 4
2025-04-16 09:24:28,125 - INFO - User: 4 is authenticated as: admin
2025-04-16 09:24:28,125 - INFO - User: 4 is authenticated as: admin
2025-04-16 10:47:05,460 - INFO - Login successful for user: 4
2025-04-16 10:47:05,460 - INFO - Login successful for user: 4
2025-04-16 10:47:05,478 - INFO - User: 4 is authenticated as: admin
2025-04-16 10:47:05,478 - INFO - User: 4 is authenticated as: admin
2025-04-16 10:51:17,379 - INFO - Login successful for user: 4
2025-04-16 10:51:17,379 - INFO - Login successful for user: 4
2025-04-16 10:51:17,397 - INFO - User: 4 is authenticated as: admin
2025-04-16 10:51:17,397 - INFO - User: 4 is authenticated as: admin
2025-04-16 13:16:52,998 - INFO - Login successful for user: 4
2025-04-16 13:16:52,998 - INFO - Login successful for user: 4
2025-04-16 13:16:53,067 - INFO - User: 4 is authenticated as: admin
2025-04-16 13:16:53,067 - INFO - User: 4 is authenticated as: admin
2025-04-16 13:20:34,382 - INFO - Login successful for user: 4
2025-04-16 13:20:34,382 - INFO - Login successful for user: 4
2025-04-16 13:20:34,425 - INFO - User: 4 is authenticated as: admin
2025-04-16 13:20:34,425 - INFO - User: 4 is authenticated as: admin
2025-04-16 14:27:28,771 - INFO - Login successful for user: 4
2025-04-16 14:27:28,771 - INFO - Login successful for user: 4
2025-04-16 14:27:28,816 - INFO - User: 4 is authenticated as: admin
2025-04-16 14:27:28,816 - INFO - User: 4 is authenticated as: admin
2025-04-18 08:07:28,029 - ERROR - Invalid username: user or password: password
2025-04-18 08:07:28,029 - ERROR - Invalid username: user or password: password
2025-04-18 08:07:28,029 - ERROR - Invalid username: user or password: password
2025-04-18 08:07:31,897 - ERROR - Invalid username: user or password: password
2025-04-18 08:07:31,897 - ERROR - Invalid username: user or password: password
2025-04-18 08:07:31,897 - ERROR - Invalid username: user or password: password
2025-04-18 08:08:33,610 - INFO - Login successful for user: 1
2025-04-18 08:08:33,610 - INFO - Login successful for user: 1
2025-04-18 08:08:33,610 - INFO - Login successful for user: 1
2025-04-18 08:08:33,631 - INFO - User: 1 is authenticated as: user
2025-04-18 08:08:33,631 - INFO - User: 1 is authenticated as: user
2025-04-18 08:08:33,631 - INFO - User: 1 is authenticated as: user
2025-04-18 08:23:14,745 - INFO - Login successful for user: 4
2025-04-18 08:23:14,745 - INFO - Login successful for user: 4
2025-04-18 08:23:14,745 - INFO - Login successful for user: 4
2025-04-18 08:23:14,765 - INFO - User: 4 is authenticated as: admin
2025-04-18 08:23:14,765 - INFO - User: 4 is authenticated as: admin
2025-04-18 08:23:14,765 - INFO - User: 4 is authenticated as: admin
